<?xml version="1.0" encoding="UTF-8"?>
<!-- Generated by org.testng.reporters.JUnitReportReporter -->
<testsuite skipped="0" hostname="Bhargav" name="api.test.UserTests" tests="4" failures="0" timestamp="2024-08-01T16:42:59 IST" time="6.101" errors="0">
  <testcase name="testPostUser" time="2.366" classname="api.test.UserTests"/>
  <system-out/>
  <testcase name="testGetUserByName" time="0.944" classname="api.test.UserTests"/>
  <system-out/>
  <testcase name="testUpdateUserByName" time="1.861" classname="api.test.UserTests"/>
  <system-out/>
  <testcase name="testDeleteUserByName" time="0.930" classname="api.test.UserTests"/>
  <system-out/>
</testsuite> <!-- api.test.UserTests -->
